\BOOKMARK [1][-]{section.1}{Introduction}{}% 1
\BOOKMARK [1][-]{section.2}{Hybrid Interfacial PDE Solver Strategy}{}% 2
\BOOKMARK [2][-]{subsection.2.1}{Neural network approximators for the solution}{section.2}% 3
\BOOKMARK [3][-]{subsubsection.2.1.1}{Gradient based optimization with learning rate annealing}{subsection.2.1}% 4
\BOOKMARK [1][-]{section.3}{Numerical Scheme for Free Boundary Problems}{}% 5
\BOOKMARK [2][-]{subsection.3.1}{Interpolation methods}{section.3}% 6
\BOOKMARK [3][-]{subsubsection.3.1.1}{Trilinear interpolation}{subsection.3.1}% 7
\BOOKMARK [3][-]{subsubsection.3.1.2}{Quadratic non-oscillatory interpolation}{subsection.3.1}% 8
\BOOKMARK [2][-]{subsection.3.2}{Level-set method}{section.3}% 9
\BOOKMARK [3][-]{subsubsection.3.2.1}{Second order accurate semi-Lagrangian advection scheme}{subsection.3.2}% 10
\BOOKMARK [3][-]{subsubsection.3.2.2}{Godunov Hamiltonian for reinitialization}{subsection.3.2}% 11
\BOOKMARK [2][-]{subsection.3.3}{Geometric operations}{section.3}% 12
\BOOKMARK [3][-]{subsubsection.3.3.1}{Integration over 3D surfaces and volumes}{subsection.3.3}% 13
\BOOKMARK [3][-]{subsubsection.3.3.2}{Cross sections of interface with grid cell faces}{subsection.3.3}% 14
\BOOKMARK [2][-]{subsection.3.4}{Approach I. Finite discretization method}{section.3}% 15
\BOOKMARK [2][-]{subsection.3.5}{Approach II. Interface induced penalty terms}{section.3}% 16
\BOOKMARK [3][-]{subsubsection.3.5.1}{Improving convergence with preconditioning}{subsection.3.5}% 17
\BOOKMARK [1][-]{section.4}{Numerical Examples}{}% 18
\BOOKMARK [2][-]{subsection.4.1}{Case I.}{section.4}% 19
\BOOKMARK [2][-]{subsection.4.2}{Case II.}{section.4}% 20
\BOOKMARK [1][-]{section.5}{Conclusion \046 Future Directions}{}% 21
\BOOKMARK [1][-]{section*.10}{References}{}% 22
