This is pdfTeX, Version 3.14159265-2.6-1.40.20 (TeX Live 2019/Debian) (preloaded format=latex 2022.8.22)  22 SEP 2022 16:46
entering extended mode
 restricted \write18 enabled.
 %&-line parsing enabled.
**DRM.tex
(./DRM.tex
LaTeX2e <2020-02-02> patch level 2
L3 programming layer <2020-02-14>

! LaTeX Error: File `elsarticle.cls' not found.

Type X to quit or <RETURN> to proceed,
or enter new name. (Default extension: cls)

Enter file name: X

 )
(\end occurred when \ifx on line 2 was incomplete)
(\end occurred when \ifx on line 2 was incomplete) 
Here is how much of TeX's memory you used:
 22 strings out of 483141
 456 string characters out of 5965177
 231749 words of memory out of 5000000
 15144 multiletter control sequences out of 15000+600000
 532338 words of font info for 24 fonts, out of 8000000 for 9000
 36 hyphenation exceptions out of 8191
 14i,0n,17p,65b,10s stack positions out of 5000i,500n,10000p,200000b,80000s

No pages of output.
